#! /usr/bin/vvp
:ivl_version "10.3 (stable)";
:ivl_delay_selection "TYPICAL";
:vpi_time_precision + 0;
:vpi_module "system";
:vpi_module "vhdl_sys";
:vpi_module "v2005_math";
:vpi_module "va_math";
:vpi_module "v2009";
S_0x558c8d654220 .scope module, "hw6q3tb" "hw6q3tb" 2 242;
 .timescale 0 0;
v0x558c8d6b93f0_0 .net "avg", 31 0, L_0x558c8d6814a0;  1 drivers
v0x558c8d6b94d0_0 .var "clk", 0 0;
v0x558c8d6b9570_0 .var "cycle_counter", 8 0;
v0x558c8d6b9640_0 .var "expected_avg", 31 0;
v0x558c8d6b9700_0 .var "expected_overflow", 0 0;
v0x558c8d6b97c0_0 .var "in", 31 0;
v0x558c8d6b9880_0 .var "input_1", 31 0;
v0x558c8d6b9940_0 .var "input_2", 31 0;
v0x558c8d6b9a20_0 .var "input_3", 31 0;
v0x558c8d6b9b00_0 .var "input_4", 31 0;
v0x558c8d6b9be0_0 .var "input_5", 31 0;
v0x558c8d6b9cc0_0 .var "input_6", 31 0;
v0x558c8d6b9da0_0 .net "overflow", 0 0, L_0x558c8d6b9f90;  1 drivers
v0x558c8d6b9e70_0 .net "ready", 0 0, L_0x558c8d681510;  1 drivers
S_0x558c8d6543a0 .scope begin, "$unm_blk_4" "$unm_blk_4" 2 279, 2 279 0, S_0x558c8d654220;
 .timescale 0 0;
v0x558c8d67ace0_0 .var/i "expected_file", 31 0;
v0x558c8d681710_0 .var/i "out_file", 31 0;
E_0x558c8d697750 .event posedge, v0x558c8d6b8be0_0;
S_0x558c8d6b8560 .scope begin, "$unm_blk_5" "$unm_blk_5" 2 345, 2 345 0, S_0x558c8d654220;
 .timescale 0 0;
v0x558c8d6817b0_0 .var/i "debug_file", 31 0;
v0x558c8d6b8790_0 .var/i "expected_file", 31 0;
v0x558c8d6b8870_0 .var/i "out_file", 31 0;
S_0x558c8d6b8930 .scope module, "my_avg" "average" 2 263, 3 32 0, S_0x558c8d654220;
 .timescale 0 0;
    .port_info 0 /INPUT 32 "in"
    .port_info 1 /INPUT 1 "clk"
    .port_info 2 /OUTPUT 32 "avg"
    .port_info 3 /OUTPUT 1 "ready"
    .port_info 4 /OUTPUT 1 "overflow"
L_0x558c8d6814a0 .functor BUFZ 32, v0x558c8d6b9190_0, C4<00000000000000000000000000000000>, C4<00000000000000000000000000000000>, C4<00000000000000000000000000000000>;
L_0x558c8d681510 .functor BUFZ 1, v0x558c8d6b90d0_0, C4<0>, C4<0>, C4<0>;
L_0x558c8d6b9f90 .functor BUFZ 1, v0x558c8d6b8f50_0, C4<0>, C4<0>, C4<0>;
v0x558c8d6b8b00_0 .net "avg", 31 0, L_0x558c8d6814a0;  alias, 1 drivers
v0x558c8d6b8be0_0 .net "clk", 0 0, v0x558c8d6b94d0_0;  1 drivers
v0x558c8d6b8ca0_0 .var "count", 2 0;
v0x558c8d6b8d60_0 .net "in", 31 0, v0x558c8d6b97c0_0;  1 drivers
v0x558c8d6b8e40_0 .net "overflow", 0 0, L_0x558c8d6b9f90;  alias, 1 drivers
v0x558c8d6b8f50_0 .var "overflowReg", 0 0;
v0x558c8d6b9010_0 .net "ready", 0 0, L_0x558c8d681510;  alias, 1 drivers
v0x558c8d6b90d0_0 .var "readyReg", 0 0;
v0x558c8d6b9190_0 .var "sum", 31 0;
v0x558c8d6b9270_0 .var "tempSum", 31 0;
    .scope S_0x558c8d6b8930;
T_0 ;
    %pushi/vec4 0, 0, 32;
    %store/vec4 v0x558c8d6b9190_0, 0, 32;
    %pushi/vec4 0, 0, 32;
    %store/vec4 v0x558c8d6b9270_0, 0, 32;
    %pushi/vec4 0, 0, 3;
    %store/vec4 v0x558c8d6b8ca0_0, 0, 3;
    %pushi/vec4 0, 0, 1;
    %store/vec4 v0x558c8d6b8f50_0, 0, 1;
    %pushi/vec4 0, 0, 1;
    %store/vec4 v0x558c8d6b90d0_0, 0, 1;
    %end;
    .thread T_0, $init;
    .scope S_0x558c8d6b8930;
T_1 ;
    %wait E_0x558c8d697750;
    %load/vec4 v0x558c8d6b9190_0;
    %load/vec4 v0x558c8d6b8d60_0;
    %add;
    %assign/vec4 v0x558c8d6b9190_0, 0;
    %load/vec4 v0x558c8d6b9190_0;
    %assign/vec4 v0x558c8d6b9270_0, 0;
    %load/vec4 v0x558c8d6b8ca0_0;
    %addi 1, 0, 3;
    %assign/vec4 v0x558c8d6b8ca0_0, 0;
    %load/vec4 v0x558c8d6b8ca0_0;
    %pad/u 32;
    %cmpi/e 6, 0, 32;
    %jmp/0xz  T_1.0, 4;
    %load/vec4 v0x558c8d6b9190_0;
    %pushi/vec4 6, 0, 32;
    %div;
    %assign/vec4 v0x558c8d6b9190_0, 0;
    %load/vec4 v0x558c8d6b9270_0;
    %load/vec4 v0x558c8d6b9190_0;
    %cmp/u;
    %flag_mov 8, 5;
    %load/vec4 v0x558c8d6b9270_0;
    %load/vec4 v0x558c8d6b8d60_0;
    %cmp/u;
    %flag_or 5, 8;
    %jmp/0xz  T_1.2, 5;
    %pushi/vec4 1, 0, 1;
    %assign/vec4 v0x558c8d6b8f50_0, 0;
T_1.2 ;
    %pushi/vec4 0, 0, 1;
    %assign/vec4 v0x558c8d6b8f50_0, 0;
    %pushi/vec4 1, 0, 1;
    %assign/vec4 v0x558c8d6b90d0_0, 0;
T_1.0 ;
    %jmp T_1;
    .thread T_1;
    .scope S_0x558c8d654220;
T_2 ;
    %pushi/vec4 0, 0, 1;
    %store/vec4 v0x558c8d6b94d0_0, 0, 1;
    %pushi/vec4 0, 0, 32;
    %store/vec4 v0x558c8d6b9640_0, 0, 32;
    %pushi/vec4 0, 0, 1;
    %store/vec4 v0x558c8d6b9700_0, 0, 1;
    %pushi/vec4 0, 0, 9;
    %store/vec4 v0x558c8d6b9570_0, 0, 9;
    %end;
    .thread T_2, $init;
    .scope S_0x558c8d654220;
T_3 ;
    %pushi/vec4 0, 0, 1;
    %store/vec4 v0x558c8d6b94d0_0, 0, 1;
T_3.0 ;
    %delay 5, 0;
    %load/vec4 v0x558c8d6b94d0_0;
    %inv;
    %store/vec4 v0x558c8d6b94d0_0, 0, 1;
    %jmp T_3.0;
    %end;
    .thread T_3;
    .scope S_0x558c8d654220;
T_4 ;
    %vpi_call/w 2 275 "$dumpfile", "dump_hw6q3.vcd" {0 0 0};
    %vpi_call/w 2 276 "$dumpvars", 32'sb00000000000000000000000000000000 {0 0 0};
    %end;
    .thread T_4;
    .scope S_0x558c8d654220;
T_5 ;
    %fork t_1, S_0x558c8d6543a0;
    %jmp t_0;
    .scope S_0x558c8d6543a0;
t_1 ;
    %vpi_func 2 283 "$fopen" 32, "hw6q3_out_display.text" {0 0 0};
    %store/vec4 v0x558c8d681710_0, 0, 32;
    %vpi_func 2 284 "$fopen" 32, "hw6q3_expected_display.text" {0 0 0};
    %store/vec4 v0x558c8d67ace0_0, 0, 32;
    %pushi/vec4 0, 0, 32;
    %store/vec4 v0x558c8d6b97c0_0, 0, 32;
    %pushi/vec4 9, 0, 32;
    %store/vec4 v0x558c8d6b9880_0, 0, 32;
    %pushi/vec4 15, 0, 32;
    %store/vec4 v0x558c8d6b9940_0, 0, 32;
    %pushi/vec4 20, 0, 32;
    %store/vec4 v0x558c8d6b9a20_0, 0, 32;
    %pushi/vec4 20, 0, 32;
    %store/vec4 v0x558c8d6b9b00_0, 0, 32;
    %pushi/vec4 10, 0, 32;
    %store/vec4 v0x558c8d6b9be0_0, 0, 32;
    %pushi/vec4 10, 0, 32;
    %store/vec4 v0x558c8d6b9cc0_0, 0, 32;
    %delay 10, 0;
    %load/vec4 v0x558c8d6b9880_0;
    %store/vec4 v0x558c8d6b97c0_0, 0, 32;
    %delay 10, 0;
    %load/vec4 v0x558c8d6b9940_0;
    %store/vec4 v0x558c8d6b97c0_0, 0, 32;
    %delay 10, 0;
    %load/vec4 v0x558c8d6b9a20_0;
    %store/vec4 v0x558c8d6b97c0_0, 0, 32;
    %delay 10, 0;
    %load/vec4 v0x558c8d6b9b00_0;
    %store/vec4 v0x558c8d6b97c0_0, 0, 32;
    %delay 10, 0;
    %load/vec4 v0x558c8d6b9be0_0;
    %store/vec4 v0x558c8d6b97c0_0, 0, 32;
    %delay 10, 0;
    %load/vec4 v0x558c8d6b9cc0_0;
    %store/vec4 v0x558c8d6b97c0_0, 0, 32;
    %pushi/vec4 0, 0, 32;
    %store/vec4 v0x558c8d6b9640_0, 0, 32;
    %pushi/vec4 0, 0, 1;
    %store/vec4 v0x558c8d6b9700_0, 0, 1;
    %delay 10, 0;
    %wait E_0x558c8d697750;
    %vpi_call/w 2 337 "$fclose", v0x558c8d681710_0 {0 0 0};
    %vpi_call/w 2 338 "$fclose", v0x558c8d67ace0_0 {0 0 0};
    %end;
    .scope S_0x558c8d654220;
t_0 %join;
    %end;
    .thread T_5;
    .scope S_0x558c8d654220;
T_6 ;
    %fork t_3, S_0x558c8d6b8560;
    %jmp t_2;
    .scope S_0x558c8d6b8560;
t_3 ;
    %vpi_func 2 347 "$fopen" 32, "hw6q3_out_display.text" {0 0 0};
    %store/vec4 v0x558c8d6b8870_0, 0, 32;
    %vpi_func 2 348 "$fopen" 32, "hw6q3_expected_display.text" {0 0 0};
    %store/vec4 v0x558c8d6b8790_0, 0, 32;
    %vpi_func 2 349 "$fopen" 32, "dbg.text" {0 0 0};
    %store/vec4 v0x558c8d6817b0_0, 0, 32;
T_6.0 ;
    %wait E_0x558c8d697750;
    %load/vec4 v0x558c8d6b9570_0;
    %addi 1, 0, 9;
    %assign/vec4 v0x558c8d6b9570_0, 0;
    %vpi_call/w 2 354 "$fwrite", v0x558c8d6817b0_0, "cycle_counter = %d\012", v0x558c8d6b9570_0 {0 0 0};
    %load/vec4 v0x558c8d6b9e70_0;
    %pad/u 32;
    %cmpi/e 1, 0, 32;
    %jmp/0xz  T_6.1, 4;
    %vpi_call/w 2 356 "$fwrite", v0x558c8d6b8870_0, "cycle_counter = %d\012", v0x558c8d6b9570_0 {0 0 0};
    %vpi_call/w 2 357 "$fwrite", v0x558c8d6b8790_0, "cycle_counter = %d\012", v0x558c8d6b9570_0 {0 0 0};
    %vpi_call/w 2 358 "$display", "%t, avg =  %b, overflow = %b, expected avg = %b, expected overflow = %b", $time, v0x558c8d6b93f0_0, v0x558c8d6b9da0_0, v0x558c8d6b9640_0, v0x558c8d6b9700_0 {0 0 0};
    %vpi_call/w 2 360 "$fwrite", v0x558c8d6b8870_0, "%t, input_1 = \011%d\012", $time, v0x558c8d6b9880_0 {0 0 0};
    %vpi_call/w 2 361 "$fwrite", v0x558c8d6b8870_0, "%t, input_2 = \011%d\012", $time, v0x558c8d6b9940_0 {0 0 0};
    %vpi_call/w 2 362 "$fwrite", v0x558c8d6b8870_0, "%t, input_3 = \011%d\012", $time, v0x558c8d6b9a20_0 {0 0 0};
    %vpi_call/w 2 363 "$fwrite", v0x558c8d6b8870_0, "%t, input_4 = \011%d\012", $time, v0x558c8d6b9b00_0 {0 0 0};
    %vpi_call/w 2 364 "$fwrite", v0x558c8d6b8870_0, "%t, input_5 = \011%d\012", $time, v0x558c8d6b9be0_0 {0 0 0};
    %vpi_call/w 2 365 "$fwrite", v0x558c8d6b8870_0, "%t, input_6 = \011%d\012", $time, v0x558c8d6b9cc0_0 {0 0 0};
    %vpi_call/w 2 366 "$fwrite", v0x558c8d6b8870_0, "%t, average = \011%d\012", $time, v0x558c8d6b93f0_0 {0 0 0};
    %vpi_call/w 2 367 "$fwrite", v0x558c8d6b8870_0, "%t, overflow = \011%d\012", $time, v0x558c8d6b9da0_0 {0 0 0};
    %vpi_call/w 2 369 "$fwrite", v0x558c8d6b8790_0, "%t, input_1 = \011%d\012", $time, v0x558c8d6b9880_0 {0 0 0};
    %vpi_call/w 2 370 "$fwrite", v0x558c8d6b8790_0, "%t, input_2 = \011%d\012", $time, v0x558c8d6b9940_0 {0 0 0};
    %vpi_call/w 2 371 "$fwrite", v0x558c8d6b8790_0, "%t, input_3 = \011%d\012", $time, v0x558c8d6b9a20_0 {0 0 0};
    %vpi_call/w 2 372 "$fwrite", v0x558c8d6b8790_0, "%t, input_4 = \011%d\012", $time, v0x558c8d6b9b00_0 {0 0 0};
    %vpi_call/w 2 373 "$fwrite", v0x558c8d6b8790_0, "%t, input_5 = \011%d\012", $time, v0x558c8d6b9be0_0 {0 0 0};
    %vpi_call/w 2 374 "$fwrite", v0x558c8d6b8790_0, "%t, input_6 = \011%d\012", $time, v0x558c8d6b9cc0_0 {0 0 0};
    %vpi_call/w 2 375 "$fwrite", v0x558c8d6b8790_0, "%t, average = \011%d\012", $time, v0x558c8d6b9640_0 {0 0 0};
    %vpi_call/w 2 376 "$fwrite", v0x558c8d6b8790_0, "%t, overflow = \011%d\012", $time, v0x558c8d6b9700_0 {0 0 0};
T_6.1 ;
    %jmp T_6.0;
    %vpi_call/w 2 380 "$fclose", v0x558c8d6b8870_0 {0 0 0};
    %vpi_call/w 2 381 "$fclose", v0x558c8d6b8790_0 {0 0 0};
    %vpi_call/w 2 382 "$fclose", v0x558c8d6817b0_0 {0 0 0};
    %end;
    .scope S_0x558c8d654220;
t_2 %join;
    %end;
    .thread T_6;
# The file index is used to find the file name in the following table.
:file_names 4;
    "N/A";
    "<interactive>";
    "hw8_testbench.sv";
    "hw6.sv";
